<?xml version="1.0" encoding="UTF-8"?>
<!-- Generated by org.testng.reporters.JUnitReportReporter -->
<testsuite hostname="DESKTOP-6PV51OG" failures="0" tests="3" name="annotation.GoogleSerchTestCase" time="23.099" errors="0" timestamp="2023-07-20T14:59:18 IST" skipped="0">
  <testcase classname="annotation.GoogleSerchTestCase" name="serach2" time="7.044"/>
  <testcase classname="annotation.GoogleSerchTestCase" name="serach3" time="9.157"/>
  <testcase classname="annotation.GoogleSerchTestCase" name="serach1" time="6.898"/>
</testsuite> <!-- annotation.GoogleSerchTestCase -->
