<?xml version="1.0" encoding="UTF-8"?>
<!-- Generated by org.testng.reporters.JUnitReportReporter -->
<testsuite hostname="DESKTOP-6PV51OG" failures="0" tests="2" name="testNGPack2.Sumo2" time="0.015" errors="0" timestamp="2023-07-17T15:13:48 IST" skipped="0">
  <testcase classname="testNGPack2.Sumo2" name="m1" time="0.008">
    <system-out>
      <![CDATA[Demo1 TestNG class from Demo1]]>
    </system-out>
  </testcase> <!-- m1 -->
  <testcase classname="testNGPack2.Sumo2" name="m2" time="0.007"/>
  <system-out>
    <![CDATA[Demo1 TestNG class from Remo1
m2 method from Remo1
Demo1 TestNG class from Demo1
Demo1 TestNG class from Demo1
m2 method from Demo1]]>
  </system-out>
</testsuite> <!-- testNGPack2.Sumo2 -->
