<?xml version="1.0" encoding="UTF-8"?>
<!-- Generated by org.testng.reporters.JUnitReportReporter -->
<testsuite hostname="DESKTOP-6PV51OG" failures="0" tests="1" name="testNGPackage.TestCase" time="7.611" errors="0" timestamp="2023-07-24T17:22:53 IST" skipped="0">
  <testcase classname="testNGPackage.TestCase" name="loginMethod" time="7.611"/>
</testsuite> <!-- testNGPackage.TestCase -->
