<?xml version="1.0" encoding="UTF-8"?>
<!-- Generated by org.testng.reporters.JUnitReportReporter -->
<testsuite hostname="DESKTOP-6PV51OG" failures="0" tests="1" name="testNGExecution.Test3" time="19.021" errors="0" timestamp="2023-07-20T14:19:09 IST" skipped="0">
  <testcase classname="testNGExecution.Test3" name="testMethod3" time="19.021"/>
</testsuite> <!-- testNGExecution.Test3 -->
