<?xml version="1.0" encoding="UTF-8"?>
<!-- Generated by org.testng.reporters.JUnitReportReporter -->
<testsuite hostname="DESKTOP-6PV51OG" failures="0" tests="3" name="flags.GoogleSerchTestCase" time="24.375" errors="0" timestamp="2023-07-20T15:09:51 IST" skipped="0">
  <testcase classname="flags.GoogleSerchTestCase" name="serach1" time="6.920"/>
  <testcase classname="flags.GoogleSerchTestCase" name="serach2" time="7.228"/>
  <testcase classname="flags.GoogleSerchTestCase" name="serach3" time="10.227"/>
</testsuite> <!-- flags.GoogleSerchTestCase -->
