<?xml version="1.0" encoding="UTF-8"?>
<!-- Generated by org.testng.reporters.JUnitReportReporter -->
<testsuite hostname="DESKTOP-6PV51OG" failures="0" tests="6" name="flags.Flag6" time="0.077" errors="0" timestamp="2023-07-22T15:34:07 IST" skipped="0">
  <testcase classname="flags.Flag6" name="st1" time="0.045">
    <system-out>
      <![CDATA[STC1]]>
    </system-out>
  </testcase> <!-- st1 -->
  <testcase classname="flags.Flag6" name="st3" time="0.006">
    <system-out>
      <![CDATA[STC3]]>
    </system-out>
  </testcase> <!-- st3 -->
  <testcase classname="flags.Flag6" name="st4" time="0.006">
    <system-out>
      <![CDATA[STC4]]>
    </system-out>
  </testcase> <!-- st4 -->
  <testcase classname="flags.Flag6" name="st5" time="0.007">
    <system-out>
      <![CDATA[STC5]]>
    </system-out>
  </testcase> <!-- st5 -->
  <testcase classname="flags.Flag6" name="st6" time="0.006">
    <system-out>
      <![CDATA[STC6]]>
    </system-out>
  </testcase> <!-- st6 -->
  <testcase classname="flags.Flag6" name="st2" time="0.007">
    <system-out>
      <![CDATA[STC2]]>
    </system-out>
  </testcase> <!-- st2 -->
  <system-out>
    <![CDATA[STC1
STC2
STC3
STC4
STC5
STC6]]>
  </system-out>
</testsuite> <!-- flags.Flag6 -->
