<?xml version="1.0" encoding="UTF-8"?>
<!-- Generated by org.testng.reporters.JUnitReportReporter -->
<testsuite hostname="DESKTOP-6PV51OG" failures="0" tests="1" name="testNGPackage.Remo" time="6.926" errors="0" timestamp="2023-07-17T14:24:55 IST" skipped="0">
  <testcase classname="testNGPackage.Remo" name="g" time="6.926">
    <system-out>
      <![CDATA[This is Remo class TestNG Class]]>
    </system-out>
  </testcase> <!-- g -->
  <system-out>
    <![CDATA[This is demo TestNG class
This is Remo class TestNG Class
This is Sumo TestNG class]]>
  </system-out>
</testsuite> <!-- testNGPackage.Remo -->
