<?xml version="1.0" encoding="UTF-8"?>
<!-- Generated by org.testng.reporters.JUnitReportReporter -->
<testsuite hostname="DESKTOP-6PV51OG" failures="0" tests="5" name="flags.FlagNo3" time="0.067" errors="0" timestamp="2023-07-22T14:19:12 IST" skipped="0">
  <testcase classname="flags.FlagNo3" name="Method1" time="0.008">
    <system-out>
      <![CDATA[Method1 ]]>
    </system-out>
  </testcase> <!-- Method1 -->
  <testcase classname="flags.FlagNo3" name="Method1" time="0.003">
    <system-out>
      <![CDATA[Method1 ]]>
    </system-out>
  </testcase> <!-- Method1 -->
  <testcase classname="flags.FlagNo3" name="Method1" time="0.004">
    <system-out>
      <![CDATA[Method1 ]]>
    </system-out>
  </testcase> <!-- Method1 -->
  <testcase classname="flags.FlagNo3" name="Method1" time="0.041">
    <system-out>
      <![CDATA[Method1 ]]>
    </system-out>
  </testcase> <!-- Method1 -->
  <testcase classname="flags.FlagNo3" name="Method1" time="0.011">
    <system-out>
      <![CDATA[Method1 ]]>
    </system-out>
  </testcase> <!-- Method1 -->
  <system-out>
    <![CDATA[Method1 
Method1 
Method1 
Method1 
Method1 ]]>
  </system-out>
</testsuite> <!-- flags.FlagNo3 -->
