<?xml version="1.0" encoding="UTF-8"?>
<!-- Generated by org.testng.reporters.JUnitReportReporter -->
<testsuite hostname="DESKTOP-6PV51OG" failures="0" tests="2" name="flags.Flag1" time="0.027" errors="0" timestamp="2023-07-20T15:14:08 IST" skipped="0">
  <testcase classname="flags.Flag1" name="Method2" time="0.006">
    <system-out>
      <![CDATA[Method2 from flag1]]>
    </system-out>
  </testcase> <!-- Method2 -->
  <testcase classname="flags.Flag1" name="Method1" time="0.021">
    <system-out>
      <![CDATA[Method1 from flag1]]>
    </system-out>
  </testcase> <!-- Method1 -->
  <system-out>
    <![CDATA[Method1 from flag1
Method2 from flag1]]>
  </system-out>
</testsuite> <!-- flags.Flag1 -->
