<?xml version="1.0" encoding="UTF-8"?>
<!-- Generated by org.testng.reporters.JUnitReportReporter -->
<testsuite hostname="DESKTOP-6PV51OG" failures="0" tests="1" name="testNGPackage.AssertionInTestNG" time="7.496" errors="0" timestamp="2023-07-24T17:25:07 IST" skipped="0">
  <testcase classname="testNGPackage.AssertionInTestNG" name="Login" time="7.496"/>
</testsuite> <!-- testNGPackage.AssertionInTestNG -->
