<?xml version="1.0" encoding="UTF-8"?>
<!-- Generated by org.testng.reporters.JUnitReportReporter -->
<testsuite hostname="DESKTOP-6PV51OG" failures="0" tests="1" name="testNGPackage.Remo" time="22.907" errors="0" timestamp="2023-07-17T17:57:43 IST" skipped="0">
  <testcase classname="testNGPackage.Remo" name="g" time="22.907">
    <system-out>
      <![CDATA[This is Remo class TestNG Class]]>
    </system-out>
  </testcase> <!-- g -->
  <system-out>
    <![CDATA[This is demo TestNG class
This is Remo class TestNG Class]]>
  </system-out>
</testsuite> <!-- testNGPackage.Remo -->
