<?xml version="1.0" encoding="UTF-8"?>
<!-- Generated by org.testng.reporters.JUnitReportReporter -->
<testsuite hostname="DESKTOP-6PV51OG" failures="0" tests="2" name="flags.Flag2" time="0.024" errors="0" timestamp="2023-07-20T15:24:59 IST" skipped="0">
  <testcase classname="flags.Flag2" name="method2" time="0.004">
    <system-out>
      <![CDATA[Method2 from flag2]]>
    </system-out>
  </testcase> <!-- method2 -->
  <testcase classname="flags.Flag2" name="Method1" time="0.020">
    <system-out>
      <![CDATA[Method1 from flag2]]>
    </system-out>
  </testcase> <!-- Method1 -->
  <system-out>
    <![CDATA[Method1 from flag2
Method2 from flag2]]>
  </system-out>
</testsuite> <!-- flags.Flag2 -->
