<?xml version="1.0" encoding="UTF-8"?>
<!-- Generated by org.testng.reporters.JUnitReportReporter -->
<testsuite hostname="DESKTOP-6PV51OG" failures="0" tests="8" name="flags.Flag4" time="0.062" errors="0" timestamp="2023-07-22T14:36:36 IST" skipped="0">
  <testcase classname="flags.Flag4" name="p" time="0.003"/>
  <testcase classname="flags.Flag4" name="d" time="0.023"/>
  <testcase classname="flags.Flag4" name="f" time="0.009"/>
  <testcase classname="flags.Flag4" name="i" time="0.005"/>
  <testcase classname="flags.Flag4" name="e" time="0.011"/>
  <testcase classname="flags.Flag4" name="k" time="0.003"/>
  <testcase classname="flags.Flag4" name="m" time="0.003"/>
  <testcase classname="flags.Flag4" name="z" time="0.005"/>
</testsuite> <!-- flags.Flag4 -->
