<?xml version="1.0" encoding="UTF-8"?>
<!-- Generated by org.testng.reporters.JUnitReportReporter -->
<testsuite hostname="DESKTOP-6PV51OG" failures="0" tests="2" name="testNGExecution.Testmethod1" time="0.100" errors="0" timestamp="2023-07-19T14:06:50 IST" skipped="0">
  <testcase classname="testNGExecution.Testmethod1" name="testMethod1" time="0.049">
    <system-out>
      <![CDATA[Thread id of testmethod1 : 29]]>
    </system-out>
  </testcase> <!-- testMethod1 -->
  <testcase classname="testNGExecution.Testmethod1" name="testMethod2" time="0.051">
    <system-out>
      <![CDATA[Thread id of testmethod2 : 30]]>
    </system-out>
  </testcase> <!-- testMethod2 -->
  <system-out>
    <![CDATA[Thread id of testmethod6 : 32
Thread id of testmethod5 : 31
Thread id of testmethod1 : 29
Thread id of testmethod3 : 33
Thread id of testmethod2 : 30
Thread id of testmethod4 : 32]]>
  </system-out>
</testsuite> <!-- testNGExecution.Testmethod1 -->
