<?xml version="1.0" encoding="UTF-8"?>
<!-- Generated by org.testng.reporters.JUnitReportReporter -->
<testsuite hostname="DESKTOP-6PV51OG" failures="0" tests="3" name="flags.Flag5" time="0.043" errors="0" timestamp="2023-07-22T15:04:05 IST" skipped="0">
  <testcase classname="flags.Flag5" name="LoginMethod" time="0.032"/>
  <testcase classname="flags.Flag5" name="CreateUserMethod" time="0.005"/>
  <testcase classname="flags.Flag5" name="LogoutMethod" time="0.006"/>
</testsuite> <!-- flags.Flag5 -->
