<?xml version="1.0" encoding="UTF-8"?>
<!-- Generated by org.testng.reporters.JUnitReportReporter -->
<testsuite hostname="DESKTOP-6PV51OG" failures="0" tests="1" name="testNGExecution.Test1" time="24.403" errors="0" timestamp="2023-07-20T14:19:09 IST" skipped="0">
  <testcase classname="testNGExecution.Test1" name="testMethod1" time="24.403"/>
</testsuite> <!-- testNGExecution.Test1 -->
