<?xml version="1.0" encoding="UTF-8"?>
<!-- Generated by org.testng.reporters.JUnitReportReporter -->
<testsuite hostname="DESKTOP-6PV51OG" failures="0" tests="2" name="testNGExecution.AnnotationClass" time="0.030" errors="0" timestamp="2023-07-20T14:19:43 IST" skipped="0">
  <testcase classname="testNGExecution.AnnotationClass" name="Method1" time="0.018">
    <system-out>
      <![CDATA[TestAnnnotaion method1]]>
    </system-out>
  </testcase> <!-- Method1 -->
  <testcase classname="testNGExecution.AnnotationClass" name="method10" time="0.012">
    <system-out>
      <![CDATA[TestAnnotation method 10]]>
    </system-out>
  </testcase> <!-- method10 -->
  <system-out>
    <![CDATA[BeforeSuiteAnnotaion method6
BeforetestAnnotaion method8
BeforeclassAnnotaion method4
BeforeMethodAnnotaion method3
TestAnnnotaion method1
AfterMethodAnnotation method2
BeforeMethodAnnotaion method3
TestAnnotation method 10
AfterMethodAnnotation method2
AfterclassAnnotaion method5
AfterTesteAnnotaion method9
AfterSuiteAnnotaion method7]]>
  </system-out>
</testsuite> <!-- testNGExecution.AnnotationClass -->
